0 info it worked if it ends with ok
1 verbose cli [ '/usr/local/Cellar/node/6.1.0/bin/node',
1 verbose cli   '/usr/local/bin/npm',
1 verbose cli   'run',
1 verbose cli   'publish' ]
2 info using npm@3.8.6
3 info using node@v6.1.0
4 verbose run-script [ 'prepublish', 'publish', 'postpublish' ]
5 info lifecycle @~prepublish: @
6 silly lifecycle @~prepublish: no script for prepublish, continuing
7 info lifecycle @~publish: @
8 verbose lifecycle @~publish: unsafe-perm in lifecycle true
9 verbose lifecycle @~publish: PATH: /usr/local/lib/node_modules/npm/bin/node-gyp-bin:/Users/yuistack/.valet/Sites/clannader/node_modules/.bin:/usr/local/Cellar/node/6.1.0/bin:.composer/vendor/bin:/Users/yuistack/.composer/vendor/bin:/usr/local/bin:/usr/bin:/bin:/usr/sbin:/sbin
10 verbose lifecycle @~publish: CWD: /Users/yuistack/.valet/Sites/clannader
11 silly lifecycle @~publish: Args: [ '-c',
11 silly lifecycle   'NODE_ENV=production webpack --config webpack.config.js' ]
12 silly lifecycle @~publish: Returned: code: 1  signal: null
13 info lifecycle @~publish: Failed to exec publish script
14 verbose stack Error: @ publish: `NODE_ENV=production webpack --config webpack.config.js`
14 verbose stack Exit status 1
14 verbose stack     at EventEmitter.<anonymous> (/usr/local/lib/node_modules/npm/lib/utils/lifecycle.js:239:16)
14 verbose stack     at emitTwo (events.js:106:13)
14 verbose stack     at EventEmitter.emit (events.js:191:7)
14 verbose stack     at ChildProcess.<anonymous> (/usr/local/lib/node_modules/npm/lib/utils/spawn.js:24:14)
14 verbose stack     at emitTwo (events.js:106:13)
14 verbose stack     at ChildProcess.emit (events.js:191:7)
14 verbose stack     at maybeClose (internal/child_process.js:850:16)
14 verbose stack     at Process.ChildProcess._handle.onexit (internal/child_process.js:215:5)
15 verbose pkgid @
16 verbose cwd /Users/yuistack/.valet/Sites/clannader/app/Broadcaster
17 error Darwin 16.0.0
18 error argv "/usr/local/Cellar/node/6.1.0/bin/node" "/usr/local/bin/npm" "run" "publish"
19 error node v6.1.0
20 error npm  v3.8.6
21 error code ELIFECYCLE
22 error @ publish: `NODE_ENV=production webpack --config webpack.config.js`
22 error Exit status 1
23 error Failed at the @ publish script 'NODE_ENV=production webpack --config webpack.config.js'.
23 error Make sure you have the latest version of node.js and npm installed.
23 error If you do, this is most likely a problem with the  package,
23 error not with npm itself.
23 error Tell the author that this fails on your system:
23 error     NODE_ENV=production webpack --config webpack.config.js
23 error You can get information on how to open an issue for this project with:
23 error     npm bugs
23 error Or if that isn't available, you can get their info via:
23 error     npm owner ls
23 error There is likely additional logging output above.
24 verbose exit [ 1, true ]
